<?xml version="1.0" encoding="UTF-8" standalone="no"?><testsuite errors="1" failures="0" name="Retiro de pensiones voluntarias" skipped="0" tests="1" time="85.47" timestamp="2024-05-30 11:59:31"><testcase name="Retiro de pension voluntaria por objetivo plan pension"><error message="element click intercepted: Element &lt;button class=&quot;btn-Login login__active&quot;&gt;...&lt;/button&gt; is not clickable at point (206, 598). Other element would receive the click: &lt;div class=&quot;loading__hover opa&quot;&gt;...&lt;/div&gt;&#10;  (Session info: chrome=113.0.5672.136)&#10;Build info: version: '4.9.1', revision: 'eb2032df7f'&#10;System info: os.name: 'Windows 10', os.arch: 'amd64', os.version: '10.0', java.version: '11.0.22'&#10;Driver info: io.appium.java_client.android.AndroidDriver&#10;Command: [98a25220-b383-42f5-b39c-a836ce9a6f18, clickElement {id=5554647164D5D5D597CFA5F35913FD06_element_106}]&#10;Capabilities {appium:app: C:\Auto\PorvenirAutomation\..., appium:appActivity: co.com.porvenir.appmobile.M..., appium:appPackage: co.com.porvenir.appmobile, appium:args: --headless, appium:autoAcceptAlerts: true, appium:autoGrantPermissions: true, appium:autoWebview: true, appium:automationName: UiAutomator2, appium:databaseEnabled: false, appium:desired: {app: C:\Auto\PorvenirAutomation\..., appActivity: co.com.porvenir.appmobile.M..., appPackage: co.com.porvenir.appmobile, args: --headless, autoAcceptAlerts: true, autoGrantPermissions: true, autoWebview: true, automationName: UiAutomator2, deviceName: PixelA14, hub: http://localhost:4723/, noReset: false, platformName: ANDROID, platformVersion: 14.0, unicodeKeyboard: true}, appium:deviceApiLevel: 34, appium:deviceManufacturer: Google, appium:deviceModel: sdk_gphone64_x86_64, appium:deviceName: emulator-5554, appium:deviceScreenDensity: 420, appium:deviceScreenSize: 1080x2400, appium:deviceUDID: emulator-5554, appium:hub: http://localhost:4723/, appium:javascriptEnabled: true, appium:locationContextEnabled: false, appium:networkConnectionEnabled: true, appium:noReset: false, appium:pixelRatio: 2.625, appium:platformVersion: 14, appium:statBarHeight: 63, appium:takesScreenshot: true, appium:unicodeKeyboard: true, appium:viewportRect: {height: 2337, left: 0, top: 63, width: 1080}, appium:warnings: {}, appium:webStorageEnabled: false, platformName: ANDROID}&#10;Element: [[AndroidDriver:  on ANDROID (98a25220-b383-42f5-b39c-a836ce9a6f18)] -&gt; xpath: //ion-content//*[contains(@class, 'btn-Login login__active')]]&#10;Session ID: 98a25220-b383-42f5-b39c-a836ce9a6f18" type="org.openqa.selenium.ElementClickInterceptedException">element click intercepted: Element &lt;button class="btn-Login login__active"&gt;...&lt;/button&gt; is not clickable at point (206, 598). Other element would receive the click: &lt;div class="loading__hover opa"&gt;...&lt;/div&gt;
  (Session info: chrome=113.0.5672.136)
Build info: version: '4.9.1', revision: 'eb2032df7f'
System info: os.name: 'Windows 10', os.arch: 'amd64', os.version: '10.0', java.version: '11.0.22'
Driver info: io.appium.java_client.android.AndroidDriver
Command: [98a25220-b383-42f5-b39c-a836ce9a6f18, clickElement {id=5554647164D5D5D597CFA5F35913FD06_element_106}]
Capabilities {appium:app: C:\Auto\PorvenirAutomation\..., appium:appActivity: co.com.porvenir.appmobile.M..., appium:appPackage: co.com.porvenir.appmobile, appium:args: --headless, appium:autoAcceptAlerts: true, appium:autoGrantPermissions: true, appium:autoWebview: true, appium:automationName: UiAutomator2, appium:databaseEnabled: false, appium:desired: {app: C:\Auto\PorvenirAutomation\..., appActivity: co.com.porvenir.appmobile.M..., appPackage: co.com.porvenir.appmobile, args: --headless, autoAcceptAlerts: true, autoGrantPermissions: true, autoWebview: true, automationName: UiAutomator2, deviceName: PixelA14, hub: http://localhost:4723/, noReset: false, platformName: ANDROID, platformVersion: 14.0, unicodeKeyboard: true}, appium:deviceApiLevel: 34, appium:deviceManufacturer: Google, appium:deviceModel: sdk_gphone64_x86_64, appium:deviceName: emulator-5554, appium:deviceScreenDensity: 420, appium:deviceScreenSize: 1080x2400, appium:deviceUDID: emulator-5554, appium:hub: http://localhost:4723/, appium:javascriptEnabled: true, appium:locationContextEnabled: false, appium:networkConnectionEnabled: true, appium:noReset: false, appium:pixelRatio: 2.625, appium:platformVersion: 14, appium:statBarHeight: 63, appium:takesScreenshot: true, appium:unicodeKeyboard: true, appium:viewportRect: {height: 2337, left: 0, top: 63, width: 1080}, appium:warnings: {}, appium:webStorageEnabled: false, platformName: ANDROID}
Element: [[AndroidDriver:  on ANDROID (98a25220-b383-42f5-b39c-a836ce9a6f18)] -&gt; xpath: //ion-content//*[contains(@class, 'btn-Login login__active')]]
Session ID: 98a25220-b383-42f5-b39c-a836ce9a6f18</error><system-err>element click intercepted: Element &lt;button class="btn-Login login__active"&gt;...&lt;/button&gt; is not clickable at point (206, 598). Other element would receive the click: &lt;div class="loading__hover opa"&gt;...&lt;/div&gt;
  (Session info: chrome=113.0.5672.136)
Build info: version: '4.9.1', revision: 'eb2032df7f'
System info: os.name: 'Windows 10', os.arch: 'amd64', os.version: '10.0', java.version: '11.0.22'
Driver info: io.appium.java_client.android.AndroidDriver
Command: [98a25220-b383-42f5-b39c-a836ce9a6f18, clickElement {id=5554647164D5D5D597CFA5F35913FD06_element_106}]
Capabilities {appium:app: C:\Auto\PorvenirAutomation\..., appium:appActivity: co.com.porvenir.appmobile.M..., appium:appPackage: co.com.porvenir.appmobile, appium:args: --headless, appium:autoAcceptAlerts: true, appium:autoGrantPermissions: true, appium:autoWebview: true, appium:automationName: UiAutomator2, appium:databaseEnabled: false, appium:desired: {app: C:\Auto\PorvenirAutomation\..., appActivity: co.com.porvenir.appmobile.M..., appPackage: co.com.porvenir.appmobile, args: --headless, autoAcceptAlerts: true, autoGrantPermissions: true, autoWebview: true, automationName: UiAutomator2, deviceName: PixelA14, hub: http://localhost:4723/, noReset: false, platformName: ANDROID, platformVersion: 14.0, unicodeKeyboard: true}, appium:deviceApiLevel: 34, appium:deviceManufacturer: Google, appium:deviceModel: sdk_gphone64_x86_64, appium:deviceName: emulator-5554, appium:deviceScreenDensity: 420, appium:deviceScreenSize: 1080x2400, appium:deviceUDID: emulator-5554, appium:hub: http://localhost:4723/, appium:javascriptEnabled: true, appium:locationContextEnabled: false, appium:networkConnectionEnabled: true, appium:noReset: false, appium:pixelRatio: 2.625, appium:platformVersion: 14, appium:statBarHeight: 63, appium:takesScreenshot: true, appium:unicodeKeyboard: true, appium:viewportRect: {height: 2337, left: 0, top: 63, width: 1080}, appium:warnings: {}, appium:webStorageEnabled: false, platformName: ANDROID}
Element: [[AndroidDriver:  on ANDROID (98a25220-b383-42f5-b39c-a836ce9a6f18)] -&gt; xpath: //ion-content//*[contains(@class, 'btn-Login login__active')]]
Session ID: 98a25220-b383-42f5-b39c-a836ce9a6f18&#13;
io.appium.java_client.remote.AppiumCommandExecutor.execute(AppiumCommandExecutor.java:250)&#13;
appmobile.tasks.InputPassAndContinue.performAs(InputPassAndContinue.java:35)&#13;
appmobile.tasks.Login.performAs(Login.java:28)&#13;
appmobile.stepdefinitions.HomeValidateStepDefinitions.userLogIntoApp(FirstLogInStepDefinitions.java:522)&#13;
io.cucumber.java.Invoker.doInvoke(Invoker.java:66)&#13;
io.cucumber.java.Invoker.invoke(Invoker.java:24)&#13;
io.cucumber.java.AbstractGlueDefinition.invokeMethod(AbstractGlueDefinition.java:47)&#13;
io.cucumber.java.JavaStepDefinition.execute(JavaStepDefinition.java:29)&#13;
io.cucumber.core.runner.CoreStepDefinition.execute(CoreStepDefinition.java:66)&#13;
io.cucumber.core.runner.PickleStepDefinitionMatch.runStep(PickleStepDefinitionMatch.java:63)&#13;
io.cucumber.core.runner.TestStep.executeStep(TestStep.java:85)&#13;
io.cucumber.core.runner.TestStep.run(TestStep.java:57)&#13;
io.cucumber.core.runner.PickleStepTestStep.run(PickleStepTestStep.java:51)&#13;
io.cucumber.core.runner.TestCase.run(TestCase.java:84)&#13;
io.cucumber.core.runner.Runner.runPickle(Runner.java:75)&#13;
io.cucumber.core.runtime.CucumberExecutionContext.lambda$runTestCase$5(CucumberExecutionContext.java:129)&#13;
io.cucumber.core.runtime.RethrowingThrowableCollector.executeAndThrow(RethrowingThrowableCollector.java:23)&#13;
io.cucumber.core.runtime.CucumberExecutionContext.runTestCase(CucumberExecutionContext.java:129)&#13;
io.cucumber.junit.FeatureRunner.runChild(FeatureRunner.java:144)&#13;
io.cucumber.junit.FeatureRunner.runChild(FeatureRunner.java:28)&#13;
io.cucumber.junit.FeatureRunner.run(FeatureRunner.java:137)&#13;
io.cucumber.junit.CucumberSerenityRunner.runChild(CucumberSerenityRunner.java:259)&#13;
io.cucumber.junit.CucumberSerenityRunner.runChild(CucumberSerenityRunner.java:59)&#13;
</system-err></testcase></testsuite>