<?xml version="1.0" encoding="UTF-8" standalone="no"?><testsuite errors="1" failures="0" name="HU1247_Inicio de sesion por primera vez" skipped="0" tests="1" time="1.65" timestamp="2025-03-21 10:54:30"><testcase name="Validacion elementos home page"><error message="WebDriver was unable to create a new instance of type class io.appium.java_client.AppiumDriver&#10;WebDriver reported the following message: Could not start a new session. Response code 500. Message: An unknown server-side error occurred while processing the command. Original error: The application at '/Users/fuckyou_bryan/C:\Auto\Wdio\FirstMobile\DriverIO.apk' does not exist or is not accessible &#10;Host info: host: 'MacBook-Air-de-Bryan.local', ip: 'fe80:0:0:0:1c72:f355:3c61:6274%en0'&#10;Build info: version: '4.18.1', revision: 'b1d3319b48'&#10;System info: os.name: 'Mac OS X', os.arch: 'aarch64', os.version: '15.3.2', java.version: '11.0.26'&#10;Driver info: io.appium.java_client.android.AndroidDriver&#10;Command: [null, newSession {capabilities=[{appium:app=C:\Auto\Wdio\FirstMobile\DriverIO.apk, appium:autoAcceptAlerts=true, appium:autoGrantPermissions=true, appium:automationName=UiAutomator2, appium:deviceName=PixelA14, appium:hub=http://localhost:4723/, appium:noReset=false, platformName=ANDROID, appium:platformVersion=14.0, appium:unicodeKeyboard=true}], desiredCapabilities=Capabilities {app: C:\Auto\Wdio\FirstMobile\Dr..., autoAcceptAlerts: true, autoGrantPermissions: true, automationName: UiAutomator2, deviceName: PixelA14, hub: http://localhost:4723/, noReset: false, platformName: ANDROID, platformVersion: 14.0, unicodeKeyboard: true}}]&#10;Capabilities {app: C:\Auto\Wdio\FirstMobile\Dr..., autoAcceptAlerts: true, autoGrantPermissions: true, automationName: UiAutomator2, deviceName: PixelA14, hub: http://localhost:4723/, noReset: false, platformName: ANDROID, platformVersion: 14.0, unicodeKeyboard: true}&#10;See below for more details." type="net.thucydides.core.webdriver.DriverConfigurationError">WebDriver was unable to create a new instance of type class io.appium.java_client.AppiumDriver
WebDriver reported the following message: Could not start a new session. Response code 500. Message: An unknown server-side error occurred while processing the command. Original error: The application at '/Users/fuckyou_bryan/C:\Auto\Wdio\FirstMobile\DriverIO.apk' does not exist or is not accessible 
Host info: host: 'MacBook-Air-de-Bryan.local', ip: 'fe80:0:0:0:1c72:f355:3c61:6274%en0'
Build info: version: '4.18.1', revision: 'b1d3319b48'
System info: os.name: 'Mac OS X', os.arch: 'aarch64', os.version: '15.3.2', java.version: '11.0.26'
Driver info: io.appium.java_client.android.AndroidDriver
Command: [null, newSession {capabilities=[{appium:app=C:\Auto\Wdio\FirstMobile\DriverIO.apk, appium:autoAcceptAlerts=true, appium:autoGrantPermissions=true, appium:automationName=UiAutomator2, appium:deviceName=PixelA14, appium:hub=http://localhost:4723/, appium:noReset=false, platformName=ANDROID, appium:platformVersion=14.0, appium:unicodeKeyboard=true}], desiredCapabilities=Capabilities {app: C:\Auto\Wdio\FirstMobile\Dr..., autoAcceptAlerts: true, autoGrantPermissions: true, automationName: UiAutomator2, deviceName: PixelA14, hub: http://localhost:4723/, noReset: false, platformName: ANDROID, platformVersion: 14.0, unicodeKeyboard: true}}]
Capabilities {app: C:\Auto\Wdio\FirstMobile\Dr..., autoAcceptAlerts: true, autoGrantPermissions: true, automationName: UiAutomator2, deviceName: PixelA14, hub: http://localhost:4723/, noReset: false, platformName: ANDROID, platformVersion: 14.0, unicodeKeyboard: true}
See below for more details.</error><system-err>WebDriver was unable to create a new instance of type class io.appium.java_client.AppiumDriver
WebDriver reported the following message: Could not start a new session. Response code 500. Message: An unknown server-side error occurred while processing the command. Original error: The application at '/Users/fuckyou_bryan/C:\Auto\Wdio\FirstMobile\DriverIO.apk' does not exist or is not accessible 
Host info: host: 'MacBook-Air-de-Bryan.local', ip: 'fe80:0:0:0:1c72:f355:3c61:6274%en0'
Build info: version: '4.18.1', revision: 'b1d3319b48'
System info: os.name: 'Mac OS X', os.arch: 'aarch64', os.version: '15.3.2', java.version: '11.0.26'
Driver info: io.appium.java_client.android.AndroidDriver
Command: [null, newSession {capabilities=[{appium:app=C:\Auto\Wdio\FirstMobile\DriverIO.apk, appium:autoAcceptAlerts=true, appium:autoGrantPermissions=true, appium:automationName=UiAutomator2, appium:deviceName=PixelA14, appium:hub=http://localhost:4723/, appium:noReset=false, platformName=ANDROID, appium:platformVersion=14.0, appium:unicodeKeyboard=true}], desiredCapabilities=Capabilities {app: C:\Auto\Wdio\FirstMobile\Dr..., autoAcceptAlerts: true, autoGrantPermissions: true, automationName: UiAutomator2, deviceName: PixelA14, hub: http://localhost:4723/, noReset: false, platformName: ANDROID, platformVersion: 14.0, unicodeKeyboard: true}}]
Capabilities {app: C:\Auto\Wdio\FirstMobile\Dr..., autoAcceptAlerts: true, autoGrantPermissions: true, automationName: UiAutomator2, deviceName: PixelA14, hub: http://localhost:4723/, noReset: false, platformName: ANDROID, platformVersion: 14.0, unicodeKeyboard: true}
See below for more details.
appmobile.stepdefinitions.HomeValidateStepDefinitions.userIsOnHomePage(HomeValidateStepDefinitions.java:42)
worker.org.gradle.process.internal.worker.GradleWorkerMain.run(GradleWorkerMain.java:69)
worker.org.gradle.process.internal.worker.GradleWorkerMain.main(GradleWorkerMain.java:74)
</system-err></testcase></testsuite>