<?xml version="1.0" encoding="UTF-8" standalone="no"?><testsuite errors="1" failures="0" name="HU1247_Inicio de sesion por primera vez" skipped="0" tests="1" time="6.0" timestamp="2025-03-21 10:50:08"><testcase name="Validacion elementos home page"><error type="java.lang.StackOverflowError"/><system-err>null
io.appium.java_client.AppiumBy.findElements(AppiumBy.java:44)
io.appium.java_client.AppiumBy.findElements(AppiumBy.java:44)
io.appium.java_client.AppiumBy.findElements(AppiumBy.java:44)
io.appium.java_client.AppiumBy.findElements(AppiumBy.java:44)
io.appium.java_client.AppiumBy.findElements(AppiumBy.java:44)
io.appium.java_client.AppiumBy.findElements(AppiumBy.java:44)
io.appium.java_client.AppiumBy.findElements(AppiumBy.java:44)
io.appium.java_client.AppiumBy.findElements(AppiumBy.java:44)
io.appium.java_client.AppiumBy.findElements(AppiumBy.java:44)
io.appium.java_client.AppiumBy.findElements(AppiumBy.java:44)
io.appium.java_client.AppiumBy.findElements(AppiumBy.java:44)
io.appium.java_client.AppiumBy.findElements(AppiumBy.java:44)
io.appium.java_client.AppiumBy.findElements(AppiumBy.java:44)
io.appium.java_client.AppiumBy.findElements(AppiumBy.java:44)
io.appium.java_client.AppiumBy.findElements(AppiumBy.java:44)
io.appium.java_client.AppiumBy.findElements(AppiumBy.java:44)
io.appium.java_client.AppiumBy.findElements(AppiumBy.java:44)
io.appium.java_client.AppiumBy.findElements(AppiumBy.java:44)
io.appium.java_client.AppiumBy.findElements(AppiumBy.java:44)
io.appium.java_client.AppiumBy.findElements(AppiumBy.java:44)
io.appium.java_client.AppiumBy.findElements(AppiumBy.java:44)
io.appium.java_client.AppiumBy.findElements(AppiumBy.java:44)
io.appium.java_client.AppiumBy.findElements(AppiumBy.java:44)
io.appium.java_client.AppiumBy.findElements(AppiumBy.java:44)
io.appium.java_client.AppiumBy.findElements(AppiumBy.java:44)
io.appium.java_client.AppiumBy.findElements(AppiumBy.java:44)
io.appium.java_client.AppiumBy.findElements(AppiumBy.java:44)
io.appium.java_client.AppiumBy.findElements(AppiumBy.java:44)
io.appium.java_client.AppiumBy.findElements(AppiumBy.java:44)
io.appium.java_client.AppiumBy.findElements(AppiumBy.java:44)
io.appium.java_client.AppiumBy.findElements(AppiumBy.java:44)
io.appium.java_client.AppiumBy.findElements(AppiumBy.java:44)
io.appium.java_client.AppiumBy.findElements(AppiumBy.java:44)
io.appium.java_client.AppiumBy.findElements(AppiumBy.java:44)
io.appium.java_client.AppiumBy.findElements(AppiumBy.java:44)
io.appium.java_client.AppiumBy.findElements(AppiumBy.java:44)
io.appium.java_client.AppiumBy.findElements(AppiumBy.java:44)
io.appium.java_client.AppiumBy.findElements(AppiumBy.java:44)
io.appium.java_client.AppiumBy.findElements(AppiumBy.java:44)
io.appium.java_client.AppiumBy.findElements(AppiumBy.java:44)
io.appium.java_client.AppiumBy.findElements(AppiumBy.java:44)
io.appium.java_client.AppiumBy.findElements(AppiumBy.java:44)
io.appium.java_client.AppiumBy.findElements(AppiumBy.java:44)
io.appium.java_client.AppiumBy.findElements(AppiumBy.java:44)
io.appium.java_client.AppiumBy.findElements(AppiumBy.java:44)
io.appium.java_client.AppiumBy.findElements(AppiumBy.java:44)
io.appium.java_client.AppiumBy.findElements(AppiumBy.java:44)
io.appium.java_client.AppiumBy.findElements(AppiumBy.java:44)
io.appium.java_client.AppiumBy.findElements(AppiumBy.java:44)
io.appium.java_client.AppiumBy.findElements(AppiumBy.java:44)
io.appium.java_client.AppiumBy.findElements(AppiumBy.java:44)
io.appium.java_client.AppiumBy.findElements(AppiumBy.java:44)
io.appium.java_client.AppiumBy.findElements(AppiumBy.java:44)
io.appium.java_client.AppiumBy.findElements(AppiumBy.java:44)
io.appium.java_client.AppiumBy.findElements(AppiumBy.java:44)
io.appium.java_client.AppiumBy.findElements(AppiumBy.java:44)
io.appium.java_client.AppiumBy.findElements(AppiumBy.java:44)
io.appium.java_client.AppiumBy.findElements(AppiumBy.java:44)
io.appium.java_client.AppiumBy.findElements(AppiumBy.java:44)
io.appium.java_client.AppiumBy.findElements(AppiumBy.java:44)
io.appium.java_client.AppiumBy.findElements(AppiumBy.java:44)
io.appium.java_client.AppiumBy.findElements(AppiumBy.java:44)
io.appium.java_client.AppiumBy.findElements(AppiumBy.java:44)
io.appium.java_client.AppiumBy.findElements(AppiumBy.java:44)
io.appium.java_client.AppiumBy.findElements(AppiumBy.java:44)
io.appium.java_client.AppiumBy.findElements(AppiumBy.java:44)
io.appium.java_client.AppiumBy.findElements(AppiumBy.java:44)
io.appium.java_client.AppiumBy.findElements(AppiumBy.java:44)
io.appium.java_client.AppiumBy.findElements(AppiumBy.java:44)
io.appium.java_client.AppiumBy.findElements(AppiumBy.java:44)
io.appium.java_client.AppiumBy.findElements(AppiumBy.java:44)
io.appium.java_client.AppiumBy.findElements(AppiumBy.java:44)
io.appium.java_client.AppiumBy.findElements(AppiumBy.java:44)
io.appium.java_client.AppiumBy.findElements(AppiumBy.java:44)
io.appium.java_client.AppiumBy.findElements(AppiumBy.java:44)
io.appium.java_client.AppiumBy.findElements(AppiumBy.java:44)
io.appium.java_client.AppiumBy.findElements(AppiumBy.java:44)
io.appium.java_client.AppiumBy.findElements(AppiumBy.java:44)
io.appium.java_client.AppiumBy.findElements(AppiumBy.java:44)
io.appium.java_client.AppiumBy.findElements(AppiumBy.java:44)
io.appium.java_client.AppiumBy.findElements(AppiumBy.java:44)
io.appium.java_client.AppiumBy.findElements(AppiumBy.java:44)
io.appium.java_client.AppiumBy.findElements(AppiumBy.java:44)
io.appium.java_client.AppiumBy.findElements(AppiumBy.java:44)
io.appium.java_client.AppiumBy.findElements(AppiumBy.java:44)
io.appium.java_client.AppiumBy.findElements(AppiumBy.java:44)
io.appium.java_client.AppiumBy.findElements(AppiumBy.java:44)
io.appium.java_client.AppiumBy.findElements(AppiumBy.java:44)
io.appium.java_client.AppiumBy.findElements(AppiumBy.java:44)
io.appium.java_client.AppiumBy.findElements(AppiumBy.java:44)
io.appium.java_client.AppiumBy.findElements(AppiumBy.java:44)
io.appium.java_client.AppiumBy.findElements(AppiumBy.java:44)
io.appium.java_client.AppiumBy.findElements(AppiumBy.java:44)
io.appium.java_client.AppiumBy.findElements(AppiumBy.java:44)
io.appium.java_client.AppiumBy.findElements(AppiumBy.java:44)
io.appium.java_client.AppiumBy.findElements(AppiumBy.java:44)
io.appium.java_client.AppiumBy.findElements(AppiumBy.java:44)
io.appium.java_client.AppiumBy.findElements(AppiumBy.java:44)
io.appium.java_client.AppiumBy.findElements(AppiumBy.java:44)
io.appium.java_client.AppiumBy.findElements(AppiumBy.java:44)
io.appium.java_client.AppiumBy.findElements(AppiumBy.java:44)
io.appium.java_client.AppiumBy.findElements(AppiumBy.java:44)
io.appium.java_client.AppiumBy.findElements(AppiumBy.java:44)
io.appium.java_client.AppiumBy.findElements(AppiumBy.java:44)
io.appium.java_client.AppiumBy.findElements(AppiumBy.java:44)
io.appium.java_client.AppiumBy.findElements(AppiumBy.java:44)
io.appium.java_client.AppiumBy.findElements(AppiumBy.java:44)
io.appium.java_client.AppiumBy.findElements(AppiumBy.java:44)
io.appium.java_client.AppiumBy.findElements(AppiumBy.java:44)
io.appium.java_client.AppiumBy.findElements(AppiumBy.java:44)
io.appium.java_client.AppiumBy.findElements(AppiumBy.java:44)
io.appium.java_client.AppiumBy.findElements(AppiumBy.java:44)
io.appium.java_client.AppiumBy.findElements(AppiumBy.java:44)
io.appium.java_client.AppiumBy.findElements(AppiumBy.java:44)
io.appium.java_client.AppiumBy.findElements(AppiumBy.java:44)
io.appium.java_client.AppiumBy.findElements(AppiumBy.java:44)
io.appium.java_client.AppiumBy.findElements(AppiumBy.java:44)
io.appium.java_client.AppiumBy.findElements(AppiumBy.java:44)
io.appium.java_client.AppiumBy.findElements(AppiumBy.java:44)
io.appium.java_client.AppiumBy.findElements(AppiumBy.java:44)
io.appium.java_client.AppiumBy.findElements(AppiumBy.java:44)
io.appium.java_client.AppiumBy.findElements(AppiumBy.java:44)
io.appium.java_client.AppiumBy.findElements(AppiumBy.java:44)
io.appium.java_client.AppiumBy.findElements(AppiumBy.java:44)
io.appium.java_client.AppiumBy.findElements(AppiumBy.java:44)
io.appium.java_client.AppiumBy.findElements(AppiumBy.java:44)
io.appium.java_client.AppiumBy.findElements(AppiumBy.java:44)
io.appium.java_client.AppiumBy.findElements(AppiumBy.java:44)
io.appium.java_client.AppiumBy.findElements(AppiumBy.java:44)
io.appium.java_client.AppiumBy.findElements(AppiumBy.java:44)
io.appium.java_client.AppiumBy.findElements(AppiumBy.java:44)
io.appium.java_client.AppiumBy.findElements(AppiumBy.java:44)
io.appium.java_client.AppiumBy.findElements(AppiumBy.java:44)
io.appium.java_client.AppiumBy.findElements(AppiumBy.java:44)
io.appium.java_client.AppiumBy.findElements(AppiumBy.java:44)
io.appium.java_client.AppiumBy.findElements(AppiumBy.java:44)
io.appium.java_client.AppiumBy.findElements(AppiumBy.java:44)
io.appium.java_client.AppiumBy.findElements(AppiumBy.java:44)
io.appium.java_client.AppiumBy.findElements(AppiumBy.java:44)
io.appium.java_client.AppiumBy.findElements(AppiumBy.java:44)
io.appium.java_client.AppiumBy.findElements(AppiumBy.java:44)
io.appium.java_client.AppiumBy.findElements(AppiumBy.java:44)
io.appium.java_client.AppiumBy.findElements(AppiumBy.java:44)
io.appium.java_client.AppiumBy.findElements(AppiumBy.java:44)
io.appium.java_client.AppiumBy.findElements(AppiumBy.java:44)
io.appium.java_client.AppiumBy.findElements(AppiumBy.java:44)
io.appium.java_client.AppiumBy.findElements(AppiumBy.java:44)
io.appium.java_client.AppiumBy.findElements(AppiumBy.java:44)
io.appium.java_client.AppiumBy.findElements(AppiumBy.java:44)
io.appium.java_client.AppiumBy.findElements(AppiumBy.java:44)
io.appium.java_client.AppiumBy.findElements(AppiumBy.java:44)
io.appium.java_client.AppiumBy.findElements(AppiumBy.java:44)
io.appium.java_client.AppiumBy.findElements(AppiumBy.java:44)
io.appium.java_client.AppiumBy.findElements(AppiumBy.java:44)
io.appium.java_client.AppiumBy.findElements(AppiumBy.java:44)
io.appium.java_client.AppiumBy.findElements(AppiumBy.java:44)
io.appium.java_client.AppiumBy.findElements(AppiumBy.java:44)
io.appium.java_client.AppiumBy.findElements(AppiumBy.java:44)
io.appium.java_client.AppiumBy.findElements(AppiumBy.java:44)
io.appium.java_client.AppiumBy.findElements(AppiumBy.java:44)
io.appium.java_client.AppiumBy.findElements(AppiumBy.java:44)
io.appium.java_client.AppiumBy.findElements(AppiumBy.java:44)
io.appium.java_client.AppiumBy.findElements(AppiumBy.java:44)
io.appium.java_client.AppiumBy.findElements(AppiumBy.java:44)
io.appium.java_client.AppiumBy.findElements(AppiumBy.java:44)
io.appium.java_client.AppiumBy.findElements(AppiumBy.java:44)
io.appium.java_client.AppiumBy.findElements(AppiumBy.java:44)
io.appium.java_client.AppiumBy.findElements(AppiumBy.java:44)
io.appium.java_client.AppiumBy.findElements(AppiumBy.java:44)
io.appium.java_client.AppiumBy.findElements(AppiumBy.java:44)
io.appium.java_client.AppiumBy.findElements(AppiumBy.java:44)
io.appium.java_client.AppiumBy.findElements(AppiumBy.java:44)
io.appium.java_client.AppiumBy.findElements(AppiumBy.java:44)
io.appium.java_client.AppiumBy.findElements(AppiumBy.java:44)
io.appium.java_client.AppiumBy.findElements(AppiumBy.java:44)
io.appium.java_client.AppiumBy.findElements(AppiumBy.java:44)
io.appium.java_client.AppiumBy.findElements(AppiumBy.java:44)
io.appium.java_client.AppiumBy.findElements(AppiumBy.java:44)
io.appium.java_client.AppiumBy.findElements(AppiumBy.java:44)
io.appium.java_client.AppiumBy.findElements(AppiumBy.java:44)
io.appium.java_client.AppiumBy.findElements(AppiumBy.java:44)
io.appium.java_client.AppiumBy.findElements(AppiumBy.java:44)
io.appium.java_client.AppiumBy.findElements(AppiumBy.java:44)
io.appium.java_client.AppiumBy.findElements(AppiumBy.java:44)
io.appium.java_client.AppiumBy.findElements(AppiumBy.java:44)
io.appium.java_client.AppiumBy.findElements(AppiumBy.java:44)
io.appium.java_client.AppiumBy.findElements(AppiumBy.java:44)
io.appium.java_client.AppiumBy.findElements(AppiumBy.java:44)
io.appium.java_client.AppiumBy.findElements(AppiumBy.java:44)
io.appium.java_client.AppiumBy.findElements(AppiumBy.java:44)
io.appium.java_client.AppiumBy.findElements(AppiumBy.java:44)
io.appium.java_client.AppiumBy.findElements(AppiumBy.java:44)
io.appium.java_client.AppiumBy.findElements(AppiumBy.java:44)
io.appium.java_client.AppiumBy.findElements(AppiumBy.java:44)
io.appium.java_client.AppiumBy.findElements(AppiumBy.java:44)
io.appium.java_client.AppiumBy.findElements(AppiumBy.java:44)
io.appium.java_client.AppiumBy.findElements(AppiumBy.java:44)
io.appium.java_client.AppiumBy.findElements(AppiumBy.java:44)
io.appium.java_client.AppiumBy.findElements(AppiumBy.java:44)
io.appium.java_client.AppiumBy.findElements(AppiumBy.java:44)
io.appium.java_client.AppiumBy.findElements(AppiumBy.java:44)
io.appium.java_client.AppiumBy.findElements(AppiumBy.java:44)
io.appium.java_client.AppiumBy.findElements(AppiumBy.java:44)
io.appium.java_client.AppiumBy.findElements(AppiumBy.java:44)
io.appium.java_client.AppiumBy.findElements(AppiumBy.java:44)
</system-err></testcase></testsuite>